<?xml version="1.0" encoding="UTF-8"?>
<!-- Generated by org.testng.reporters.JUnitXMLReporter -->
<testsuite ignored="0" hostname="DESKTOP-MHT49UU" failures="0" tests="4" name="Test" time="0.035" errors="0" timestamp="2021-12-08T20:45:53 EST">
  <testcase classname="qaclickacademy.mavenjava.SeleniumTest" name="BrowserAutomation" time="0.007"/>
  <testcase classname="qaclickacademy.mavenjava.SeleniumTest" name="uielements" time="0.0"/>
  <testcase classname="qaclickacademy.mavenjava.AppiumTest" name="IosApps" time="0.001"/>
  <testcase classname="qaclickacademy.mavenjava.AppiumTest" name="nativeAppAndroid" time="0.001"/>
</testsuite> <!-- Test -->
