<?xml version="1.0" encoding="UTF-8"?>
<testsuite xmlns:xsi="http://www.w3.org/2001/XMLSchema-instance" xsi:noNamespaceSchemaLocation="https://maven.apache.org/surefire/maven-surefire-plugin/xsd/surefire-test-report-3.0.xsd" version="3.0" name="TestSuite" time="0.335" tests="4" errors="0" skipped="0" failures="0">
  <properties>
[...]
</properties>
  <testcase name="BrowserAutomation" classname="qaclickacademy.mavenjava.SeleniumTest" time="0.003">
    <system-out><![CDATA[browser automation
]]></system-out>
  </testcase>
  <testcase name="uielements" classname="qaclickacademy.mavenjava.SeleniumTest" time="0">
    <system-out><![CDATA[ui elements
]]></system-out>
  </testcase>
  <testcase name="IosApps" classname="qaclickacademy.mavenjava.AppiumTest" time="0">
    <system-out><![CDATA[ios apps
]]></system-out>
  </testcase>
  <testcase name="nativeAppAndroid" classname="qaclickacademy.mavenjava.AppiumTest" time="0.001">
    <system-out><![CDATA[native app android
]]></system-out>
  </testcase>
</testsuite>