<?xml version="1.0" encoding="UTF-8"?>
<testng-results ignored="0" total="4" passed="4" failed="0" skipped="0">
  <reporter-output>
  </reporter-output>
  <suite started-at="2021-12-18T20:43:53 EST" name="Suite" finished-at="2021-12-18T20:43:53 EST" duration-ms="26">
    <groups>
    </groups>
    <test started-at="2021-12-18T20:43:53 EST" name="Test" finished-at="2021-12-18T20:43:53 EST" duration-ms="26">
      <class name="qaclickacademy.mavenjava.SeleniumTest">
        <test-method signature="BrowserAutomation()[pri:0, instance:qaclickacademy.mavenjava.SeleniumTest@24fcf36f]" started-at="2021-12-18T20:43:53 EST" name="BrowserAutomation" finished-at="2021-12-18T20:43:53 EST" duration-ms="3" status="PASS">
          <reporter-output>
          </reporter-output>
        </test-method> <!-- BrowserAutomation -->
        <test-method signature="uielements()[pri:0, instance:qaclickacademy.mavenjava.SeleniumTest@24fcf36f]" started-at="2021-12-18T20:43:53 EST" name="uielements" finished-at="2021-12-18T20:43:53 EST" duration-ms="0" status="PASS">
          <reporter-output>
          </reporter-output>
        </test-method> <!-- uielements -->
      </class> <!-- qaclickacademy.mavenjava.SeleniumTest -->
      <class name="qaclickacademy.mavenjava.AppiumTest">
        <test-method signature="IosApps()[pri:0, instance:qaclickacademy.mavenjava.AppiumTest@fa49800]" started-at="2021-12-18T20:43:53 EST" name="IosApps" finished-at="2021-12-18T20:43:53 EST" duration-ms="0" status="PASS">
          <reporter-output>
          </reporter-output>
        </test-method> <!-- IosApps -->
        <test-method signature="nativeAppAndroid()[pri:0, instance:qaclickacademy.mavenjava.AppiumTest@fa49800]" started-at="2021-12-18T20:43:53 EST" name="nativeAppAndroid" finished-at="2021-12-18T20:43:53 EST" duration-ms="0" status="PASS">
          <reporter-output>
          </reporter-output>
        </test-method> <!-- nativeAppAndroid -->
      </class> <!-- qaclickacademy.mavenjava.AppiumTest -->
    </test> <!-- Test -->
  </suite> <!-- Suite -->
</testng-results>
