<?xml version="1.0" encoding="UTF-8"?>
<testng-results ignored="0" total="2" passed="2" failed="0" skipped="0">
  <reporter-output>
  </reporter-output>
  <suite started-at="2021-12-08T22:08:45 EST" name="Default suite" finished-at="2021-12-08T22:08:45 EST" duration-ms="33">
    <groups>
    </groups>
    <test started-at="2021-12-08T22:08:45 EST" name="Default test" finished-at="2021-12-08T22:08:45 EST" duration-ms="33">
      <class name="qaclickacademy.mavenjava.RESTAPITest">
        <test-method signature="deleteTwitter()[pri:0, instance:qaclickacademy.mavenjava.RESTAPITest@5acf93bb]" started-at="2021-12-08T22:08:45 EST" name="deleteTwitter" finished-at="2021-12-08T22:08:45 EST" duration-ms="6" status="PASS">
          <reporter-output>
          </reporter-output>
        </test-method> <!-- deleteTwitter -->
        <test-method signature="postJira()[pri:0, instance:qaclickacademy.mavenjava.RESTAPITest@5acf93bb]" started-at="2021-12-08T22:08:45 EST" name="postJira" finished-at="2021-12-08T22:08:45 EST" duration-ms="1" status="PASS">
          <reporter-output>
          </reporter-output>
        </test-method> <!-- postJira -->
      </class> <!-- qaclickacademy.mavenjava.RESTAPITest -->
    </test> <!-- Default test -->
  </suite> <!-- Default suite -->
</testng-results>
